#
# There is insufficient memory for the Java Runtime Environment to continue.
# Native memory allocation (malloc) failed to allocate 1048576 bytes for AllocateHeap
# Possible reasons:
#   The system is out of physical RAM or swap space
#   The process is running with CompressedOops enabled, and the Java Heap may be blocking the growth of the native heap
# Possible solutions:
#   Reduce memory load on the system
#   Increase physical memory or swap space
#   Check if swap backing store is full
#   Decrease Java heap size (-Xmx/-Xms)
#   Decrease number of Java threads
#   Decrease Java thread stack sizes (-Xss)
#   Set larger code cache with -XX:ReservedCodeCacheSize=
#   JVM is running with Unscaled Compressed Oops mode in which the Java heap is
#     placed in the first 4GB address space. The Java Heap base address is the
#     maximum limit for the native heap growth. Please use -XX:HeapBaseMinAddress
#     to set the Java Heap base and to place the Java Heap above 4GB virtual address.
# This output file may be truncated or incomplete.
#
#  Out of Memory Error (allocation.cpp:44), pid=9488, tid=15468
#
# JRE version:  (16.0.1+9) (build )
# Java VM: OpenJDK 64-Bit Server VM (16.0.1+9-24, mixed mode, sharing, tiered, compressed oops, compressed class ptrs, g1 gc, windows-amd64)
# No core dump will be written. Minidumps are not enabled by default on client versions of Windows
#

---------------  S U M M A R Y ------------

Command Line: -Dfile.encoding=Cp1252 -XX:+ShowCodeDetailsInExceptionMessages New_Employee

Host: Intel(R) Core(TM) i3-6100U CPU @ 2.30GHz, 4 cores, 7G,  Windows 10 , 64 bit Build 21996 (10.0.21996.1)
Time: Tue Aug 17 11:21:02 2021 India Standard Time elapsed time: 0.170202 seconds (0d 0h 0m 0s)

---------------  T H R E A D  ---------------

Current thread (0x000002060772a660):  JavaThread "Unknown thread" [_thread_in_vm, id=15468, stack(0x000000476a200000,0x000000476a300000)]

Stack: [0x000000476a200000,0x000000476a300000]
Native frames: (J=compiled Java code, j=interpreted, Vv=VM code, C=native code)
V  [jvm.dll+0x6687ca]
V  [jvm.dll+0x7ca3c9]
V  [jvm.dll+0x7cbb53]
V  [jvm.dll+0x7cc1b3]
V  [jvm.dll+0x242ea5]
V  [jvm.dll+0xa8742]
V  [jvm.dll+0x2dccc4]
V  [jvm.dll+0x2d482b]
V  [jvm.dll+0x79ccb1]
V  [jvm.dll+0x360de1]
V  [jvm.dll+0x77a990]
V  [jvm.dll+0x3e55af]
V  [jvm.dll+0x3e7081]
C  [jli.dll+0x52fb]
C  [ucrtbase.dll+0x26c0c]
C  [KERNEL32.DLL+0x154e0]
C  [ntdll.dll+0x485b]


---------------  P R O C E S S  ---------------

Threads class SMR info:
_java_thread_list=0x00007ffbc7bfcbb8, length=0, elements={
}

Java Threads: ( => current thread )

Other Threads:
  0x0000020607769850 GCTaskThread "GC Thread#0" [stack: 0x000000476a300000,0x000000476a400000] [id=20736]

[error occurred during error reporting (printing all threads), id 0xc0000005, EXCEPTION_ACCESS_VIOLATION (0xc0000005) at pc=0x00007ffbc73d19b0]

VM state: not at safepoint (not fully initialized)

VM Mutex/Monitor currently owned by a thread:  ([mutex/lock_event])
[0x00000206077275c0] Heap_lock - owner thread: 0x000002060772a660

Heap address: 0x0000000084a00000, size: 1974 MB, Compressed Oops mode: 32-bit

CDS archive(s) mapped at: [0x0000000000000000-0x0000000000000000-0x0000000000000000), size 0, SharedBaseAddress: 0x0000000800000000, ArchiveRelocationMode: 0.
Narrow klass base: 0x0000000000000000, Narrow klass shift: 0, Narrow klass range: 0x0

GC Precious Log:
<Empty>

Heap:
 garbage-first heap   total 0K, used 0K [0x0000000084a00000, 0x0000000100000000)
  region size 1024K, 0 young (0K), 0 survivors (0K)

[error occurred during error reporting (printing heap information), id 0xc0000005, EXCEPTION_ACCESS_VIOLATION (0xc0000005) at pc=0x00007ffbc77b24ed]

GC Heap History (0 events):
No events

Deoptimization events (0 events):
No events

Classes unloaded (0 events):
No events

Classes redefined (0 events):
No events

Internal exceptions (0 events):
No events

Events (1 events):
Event: 0.013 Loaded shared library C:\Users\HUMBLEFOOL\.p2\pool\plugins\org.eclipse.justj.openjdk.hotspot.jre.full.win32.x86_64_16.0.1.v20210528-1205\jre\bin\java.dll


Dynamic libraries:
0x00007ff787c40000 - 0x00007ff787c4e000 	C:\Users\HUMBLEFOOL\.p2\pool\plugins\org.eclipse.justj.openjdk.hotspot.jre.full.win32.x86_64_16.0.1.v20210528-1205\jre\bin\javaw.exe
0x00007ffc117a0000 - 0x00007ffc119a7000 	C:\Windows\SYSTEM32\ntdll.dll
0x00007ffc10c90000 - 0x00007ffc10d4d000 	C:\Windows\System32\KERNEL32.DLL
0x00007ffc0f130000 - 0x00007ffc0f4a2000 	C:\Windows\System32\KERNELBASE.dll
0x00007ffc0ecc0000 - 0x00007ffc0edd1000 	C:\Windows\System32\ucrtbase.dll
0x00007ffbfdf00000 - 0x00007ffbfdf19000 	C:\Users\HUMBLEFOOL\.p2\pool\plugins\org.eclipse.justj.openjdk.hotspot.jre.full.win32.x86_64_16.0.1.v20210528-1205\jre\bin\VCRUNTIME140.dll
0x00007ffbfdf20000 - 0x00007ffbfdf38000 	C:\Users\HUMBLEFOOL\.p2\pool\plugins\org.eclipse.justj.openjdk.hotspot.jre.full.win32.x86_64_16.0.1.v20210528-1205\jre\bin\jli.dll
0x00007ffc0fe60000 - 0x00007ffc1000c000 	C:\Windows\System32\USER32.dll
0x00007ffbff830000 - 0x00007ffbffad5000 	C:\Windows\WinSxS\amd64_microsoft.windows.common-controls_6595b64144ccf1df_6.0.21996.1_none_7d6b053978bcd706\COMCTL32.dll
0x00007ffc0f5a0000 - 0x00007ffc0f5c6000 	C:\Windows\System32\win32u.dll
0x00007ffc10ec0000 - 0x00007ffc10f63000 	C:\Windows\System32\msvcrt.dll
0x00007ffc10e90000 - 0x00007ffc10eb9000 	C:\Windows\System32\GDI32.dll
0x00007ffc0ef50000 - 0x00007ffc0f062000 	C:\Windows\System32\gdi32full.dll
0x00007ffc0f5d0000 - 0x00007ffc0f66d000 	C:\Windows\System32\msvcp_win.dll
0x00007ffc10f70000 - 0x00007ffc10fa1000 	C:\Windows\System32\IMM32.DLL
0x00007ffbfed40000 - 0x00007ffbfed4c000 	C:\Users\HUMBLEFOOL\.p2\pool\plugins\org.eclipse.justj.openjdk.hotspot.jre.full.win32.x86_64_16.0.1.v20210528-1205\jre\bin\vcruntime140_1.dll
0x00007ffbceea0000 - 0x00007ffbcef31000 	C:\Users\HUMBLEFOOL\.p2\pool\plugins\org.eclipse.justj.openjdk.hotspot.jre.full.win32.x86_64_16.0.1.v20210528-1205\jre\bin\msvcp140.dll
0x00007ffbc70f0000 - 0x00007ffbc7c9b000 	C:\Users\HUMBLEFOOL\.p2\pool\plugins\org.eclipse.justj.openjdk.hotspot.jre.full.win32.x86_64_16.0.1.v20210528-1205\jre\bin\server\jvm.dll
0x00007ffc10dd0000 - 0x00007ffc10e7c000 	C:\Windows\System32\ADVAPI32.dll
0x00007ffc11190000 - 0x00007ffc1122d000 	C:\Windows\System32\sechost.dll
0x00007ffc10b00000 - 0x00007ffc10c21000 	C:\Windows\System32\RPCRT4.dll
0x00007ffc0fb90000 - 0x00007ffc0fb98000 	C:\Windows\System32\PSAPI.DLL
0x00007ffbfed90000 - 0x00007ffbfed99000 	C:\Windows\SYSTEM32\WSOCK32.dll
0x00007ffc0b8e0000 - 0x00007ffc0b913000 	C:\Windows\SYSTEM32\WINMM.dll
0x00007ffc11030000 - 0x00007ffc1109f000 	C:\Windows\System32\WS2_32.dll
0x00007ffc027a0000 - 0x00007ffc027aa000 	C:\Windows\SYSTEM32\VERSION.dll
0x00007ffc0dee0000 - 0x00007ffc0def7000 	C:\Windows\SYSTEM32\kernel.appcore.dll
0x00007ffbfdea0000 - 0x00007ffbfdeaa000 	C:\Users\HUMBLEFOOL\.p2\pool\plugins\org.eclipse.justj.openjdk.hotspot.jre.full.win32.x86_64_16.0.1.v20210528-1205\jre\bin\jimage.dll
0x00007ffbf89e0000 - 0x00007ffbf8c01000 	C:\Windows\SYSTEM32\DBGHELP.DLL
0x00007ffbf71b0000 - 0x00007ffbf71e1000 	C:\Windows\SYSTEM32\dbgcore.DLL
0x00007ffc0f4b0000 - 0x00007ffc0f530000 	C:\Windows\System32\bcryptPrimitives.dll
0x00007ffbfdd90000 - 0x00007ffbfddb5000 	C:\Users\HUMBLEFOOL\.p2\pool\plugins\org.eclipse.justj.openjdk.hotspot.jre.full.win32.x86_64_16.0.1.v20210528-1205\jre\bin\java.dll

dbghelp: loaded successfully - version: 4.0.5 - missing functions: none
symbol engine: initialized successfully - sym options: 0x614 - pdb path: .;C:\Users\HUMBLEFOOL\.p2\pool\plugins\org.eclipse.justj.openjdk.hotspot.jre.full.win32.x86_64_16.0.1.v20210528-1205\jre\bin;C:\Windows\SYSTEM32;C:\Windows\WinSxS\amd64_microsoft.windows.common-controls_6595b64144ccf1df_6.0.21996.1_none_7d6b053978bcd706;C:\Users\HUMBLEFOOL\.p2\pool\plugins\org.eclipse.justj.openjdk.hotspot.jre.full.win32.x86_64_16.0.1.v20210528-1205\jre\bin\server

VM Arguments:
jvm_args: -Dfile.encoding=Cp1252 -XX:+ShowCodeDetailsInExceptionMessages 
java_command: New_Employee
java_class_path (initial): D:\Projects\PayRoll Management\Payroll-System\Payroll-System\build\classes;D:\Projects\PayRoll Management\Payroll-System\Payroll-System\dist\lib\mysql-connector-java-5.1.23-bin.jar;D:\Projects\PayRoll Management\Payroll-System\Payroll-System\dist\Payroll_System.jar
Launcher Type: SUN_STANDARD

[Global flags]
     intx CICompilerCount                          = 3                                         {product} {ergonomic}
     uint ConcGCThreads                            = 1                                         {product} {ergonomic}
     uint G1ConcRefinementThreads                  = 4                                         {product} {ergonomic}
   size_t G1HeapRegionSize                         = 1048576                                   {product} {ergonomic}
    uintx GCDrainStackTargetSize                   = 64                                        {product} {ergonomic}
   size_t InitialHeapSize                          = 130023424                                 {product} {ergonomic}
   size_t MarkStackSize                            = 4194304                                   {product} {ergonomic}
   size_t MaxHeapSize                              = 2069889024                                {product} {ergonomic}
   size_t MinHeapDeltaBytes                        = 1048576                                   {product} {ergonomic}
   size_t MinHeapSize                              = 8388608                                   {product} {ergonomic}
    uintx NonNMethodCodeHeapSize                   = 5832780                                {pd product} {ergonomic}
    uintx NonProfiledCodeHeapSize                  = 122912730                              {pd product} {ergonomic}
    uintx ProfiledCodeHeapSize                     = 122912730                              {pd product} {ergonomic}
    uintx ReservedCodeCacheSize                    = 251658240                              {pd product} {ergonomic}
     bool SegmentedCodeCache                       = true                                      {product} {ergonomic}
     bool ShowCodeDetailsInExceptionMessages       = true                                   {manageable} {command line}
   size_t SoftMaxHeapSize                          = 2069889024                             {manageable} {ergonomic}
     bool UseCompressedClassPointers               = true                           {product lp64_product} {ergonomic}
     bool UseCompressedOops                        = true                           {product lp64_product} {ergonomic}
     bool UseG1GC                                  = true                                      {product} {ergonomic}
     bool UseLargePagesIndividualAllocation        = false                                  {pd product} {ergonomic}

Logging:
Log output configuration:
 #0: stdout all=warning uptime,level,tags
 #1: stderr all=off uptime,level,tags

Environment Variables:
PATH=C:/Users/HUMBLEFOOL/.p2/pool/plugins/org.eclipse.justj.openjdk.hotspot.jre.full.win32.x86_64_16.0.1.v20210528-1205/jre/bin/server;C:/Users/HUMBLEFOOL/.p2/pool/plugins/org.eclipse.justj.openjdk.hotspot.jre.full.win32.x86_64_16.0.1.v20210528-1205/jre/bin;C:\Program Files (x86)\Common Files\Oracle\Java\javapath;C:\ProgramData\Oracle\Java\javapath;C:\Windows\system32;C:\Windows;C:\Windows\System32\Wbem;C:\Windows\System32\WindowsPowerShell\v1.0\;C:\Windows\System32\OpenSSH\;C:\MinGW\bin;C:\Program Files\Git\cmd;C:\Program Files\nodejs\;C:\Users\HUMBLEFOOL\AppData\Local\Programs\Python\Python39\Scripts\;C:\Users\HUMBLEFOOL\AppData\Local\Programs\Python\Python39\;C:\Users\HUMBLEFOOL\AppData\Local\Microsoft\WindowsApps;;C:\Users\HUMBLEFOOL\AppData\Local\Programs\Microsoft VS Code\bin;C:\Users\HUMBLEFOOL\AppData\Roaming\npm;C:\Users\HUMBLEFOOL\Desktop;
USERNAME=HUMBLEFOOL
OS=Windows_NT
PROCESSOR_IDENTIFIER=Intel64 Family 6 Model 78 Stepping 3, GenuineIntel



---------------  S Y S T E M  ---------------

OS:
 Windows 10 , 64 bit Build 21996 (10.0.21996.1)
OS uptime: 0 days 5:05 hours

CPU: total 4 (initial active 4) (2 cores per cpu, 2 threads per core) family 6 model 78 stepping 3 microcode 0xdc, cx8, cmov, fxsr, ht, mmx, 3dnowpref, sse, sse2, sse3, ssse3, sse4.1, sse4.2, popcnt, lzcnt, tsc, tscinvbit, avx, avx2, aes, erms, clmul, bmi1, bmi2, rtm, adx, fma, vzeroupper, clflush, clflushopt

Memory: 4k page, system-wide physical 7891M (403M free)
TotalPageFile size 27273M (AvailPageFile size 7M)
current process WorkingSet (physical memory assigned to process): 10M, peak: 10M
current process commit charge ("private bytes"): 48M, peak: 49M

vm_info: OpenJDK 64-Bit Server VM (16.0.1+9-24) for windows-amd64 JRE (16.0.1+9-24), built on Mar 26 2021 19:30:07 by "mach5one" with MS VC++ 16.7 (VS2019)

END.
